<?xml version="1.0" encoding="UTF-8"?>
<!-- Generated by org.testng.reporters.JUnitReportReporter -->
<testsuite skipped="0" hostname="DESKTOP-RT1RM8J" name="mavenforjenkins.UITest" tests="1" failures="0" timestamp="2022-02-07T15:16:57 IST" time="15.531" errors="0">
  <testcase name="startBrowser" time="15.531" classname="mavenforjenkins.UITest"/>
  <system-out/>
</testsuite> <!-- mavenforjenkins.UITest -->
